2026-05-26 01:03:37,073 | test | INFO | Logger working
2026-05-26 01:08:55,274 | DBManager | INFO | Database schema initialized
2026-05-26 01:13:37,381 | DBManager | INFO | Database schema initialized
2026-05-26 01:13:38,396 | CPUCollector | INFO | CPU: 33.5% | Cores: 12
2026-05-26 01:14:23,302 | DBManager | INFO | Database schema initialized
2026-05-26 01:14:24,803 | MemoryCollector | INFO | RAM: 87.9% used | Swap: 7.9%
2026-05-26 01:15:05,999 | DBManager | INFO | Database schema initialized
2026-05-26 01:15:06,000 | DiskCollector | INFO | Disk C:\: 67.1% used
2026-05-26 01:15:41,461 | DBManager | INFO | Database schema initialized
2026-05-26 01:15:46,593 | ProcessCollector | INFO | Captured 20 top processes
2026-05-26 01:16:41,568 | DBManager | INFO | Database schema initialized
2026-05-26 01:16:41,571 | NetworkCollector | INFO | Captured 177 network connections
2026-05-26 01:18:55,543 | Main | INFO | SysLens starting...
2026-05-26 01:18:55,548 | DBManager | INFO | Database schema initialized
2026-05-26 01:18:55,572 | Scheduler | INFO | --- Collection cycle started ---
2026-05-26 01:18:56,575 | CPUCollector | INFO | CPU: 42.0% | Cores: 12
2026-05-26 01:18:57,073 | MemoryCollector | INFO | RAM: 86.5% used | Swap: 7.4%
2026-05-26 01:18:57,083 | DiskCollector | INFO | Disk C:\: 67.1% used
2026-05-26 01:19:01,918 | ProcessCollector | INFO | Captured 20 top processes
2026-05-26 01:19:02,064 | NetworkCollector | INFO | Captured 179 network connections
2026-05-26 01:19:03,252 | Scheduler | INFO | --- Collection cycle complete ---
2026-05-26 01:19:03,257 | Scheduler | INFO | Scheduler started. Collecting every 30 seconds
2026-05-26 01:19:03,257 | Main | INFO | SysLens running. Press Ctrl+C to stop.
2026-05-26 01:19:33,256 | Scheduler | INFO | --- Collection cycle started ---
2026-05-26 01:19:34,263 | CPUCollector | INFO | CPU: 29.1% | Cores: 12
2026-05-26 01:19:34,273 | MemoryCollector | INFO | RAM: 86.7% used | Swap: 7.4%
2026-05-26 01:19:34,284 | DiskCollector | INFO | Disk C:\: 67.1% used
2026-05-26 01:19:38,913 | ProcessCollector | INFO | Captured 20 top processes
2026-05-26 01:19:39,074 | NetworkCollector | INFO | Captured 176 network connections
2026-05-26 01:19:40,283 | Scheduler | INFO | --- Collection cycle complete ---
2026-05-26 01:20:03,268 | Scheduler | INFO | --- Collection cycle started ---
2026-05-26 01:20:04,275 | CPUCollector | INFO | CPU: 12.8% | Cores: 12
2026-05-26 01:20:04,285 | MemoryCollector | INFO | RAM: 85.7% used | Swap: 7.4%
2026-05-26 01:20:04,306 | DiskCollector | INFO | Disk C:\: 67.1% used
2026-05-26 01:20:08,747 | ProcessCollector | INFO | Captured 20 top processes
2026-05-26 01:20:08,884 | NetworkCollector | INFO | Captured 166 network connections
2026-05-26 01:20:09,938 | Scheduler | INFO | --- Collection cycle complete ---
2026-05-26 01:20:33,257 | Scheduler | INFO | --- Collection cycle started ---
2026-05-26 01:20:34,264 | CPUCollector | INFO | CPU: 11.4% | Cores: 12
2026-05-26 01:20:34,273 | MemoryCollector | INFO | RAM: 85.5% used | Swap: 7.4%
2026-05-26 01:20:34,283 | DiskCollector | INFO | Disk C:\: 67.1% used
2026-05-26 01:20:38,657 | ProcessCollector | INFO | Captured 20 top processes
2026-05-26 01:20:38,813 | NetworkCollector | INFO | Captured 171 network connections
2026-05-26 01:20:39,886 | Scheduler | INFO | --- Collection cycle complete ---
2026-05-26 01:20:54,404 | Main | INFO | Shutting down...
2026-05-26 01:20:54,404 | Scheduler | INFO | Scheduler stopped
2026-05-26 01:21:08,369 | DBManager | INFO | Database schema initialized
2026-05-26 01:26:37,164 | Main | INFO | SysLens starting...
2026-05-26 01:26:37,167 | DBManager | INFO | Database schema initialized
2026-05-26 01:26:37,179 | Scheduler | INFO | --- Collection cycle started ---
2026-05-26 01:26:38,184 | CPUCollector | INFO | CPU: 26.8% | Cores: 12
2026-05-26 01:26:38,694 | MemoryCollector | INFO | RAM: 84.6% used | Swap: 7.4%
2026-05-26 01:26:38,706 | DiskCollector | INFO | Disk C:\: 67.1% used
2026-05-26 01:26:43,161 | ProcessCollector | INFO | Captured 20 top processes
2026-05-26 01:26:43,324 | NetworkCollector | INFO | Captured 169 network connections
2026-05-26 01:26:44,398 | Scheduler | INFO | --- Collection cycle complete ---
2026-05-26 01:26:44,402 | Scheduler | INFO | Scheduler started. Collecting every 30 seconds
2026-05-26 01:26:44,402 | Main | INFO | SysLens running. Press Ctrl+C to stop.
2026-05-26 01:27:14,407 | Scheduler | INFO | --- Collection cycle started ---
2026-05-26 01:27:15,416 | CPUCollector | INFO | CPU: 8.2% | Cores: 12
2026-05-26 01:27:15,430 | MemoryCollector | INFO | RAM: 83.7% used | Swap: 7.4%
2026-05-26 01:27:15,441 | DiskCollector | INFO | Disk C:\: 67.1% used
2026-05-26 01:27:19,755 | ProcessCollector | INFO | Captured 20 top processes
2026-05-26 01:27:19,898 | NetworkCollector | INFO | Captured 178 network connections
2026-05-26 01:27:21,030 | Scheduler | INFO | --- Collection cycle complete ---
2026-05-26 01:27:44,416 | Scheduler | INFO | --- Collection cycle started ---
2026-05-26 01:27:45,421 | CPUCollector | INFO | CPU: 13.0% | Cores: 12
2026-05-26 01:27:45,432 | MemoryCollector | INFO | RAM: 84.2% used | Swap: 7.4%
2026-05-26 01:27:45,446 | DiskCollector | INFO | Disk C:\: 67.1% used
2026-05-26 01:27:49,683 | ProcessCollector | INFO | Captured 20 top processes
2026-05-26 01:27:49,848 | NetworkCollector | INFO | Captured 177 network connections
2026-05-26 01:27:51,018 | Scheduler | INFO | --- Collection cycle complete ---
2026-05-26 01:28:12,144 | Main | INFO | Shutting down...
2026-05-26 01:28:12,145 | Scheduler | INFO | Scheduler stopped
2026-05-26 01:29:53,613 | DBManager | INFO | Database schema initialized
2026-05-26 01:29:53,621 | AlertEngine | WARNING | ALERT [WARNING] MEMORY_HIGH: Test alert - RAM at 84%
2026-05-26 01:29:53,629 | AlertEngine | WARNING | ALERT [CRITICAL] CPU_HIGH: Test alert - CPU spike
2026-05-26 01:35:52,872 | DBManager | INFO | Database schema initialized
2026-05-26 01:43:26,297 | DBManager | INFO | Database schema initialized
2026-05-26 02:54:21,545 | Main | INFO | SysLens starting...
2026-05-26 02:54:21,566 | DBManager | INFO | Database schema initialized
2026-05-26 02:54:21,584 | Scheduler | INFO | --- Collection cycle started ---
2026-05-26 02:54:22,598 | CPUCollector | INFO | CPU: 34.7% | Cores: 12
2026-05-26 02:54:24,306 | MemoryCollector | INFO | RAM: 95.6% used | Swap: 10.9%
2026-05-26 02:54:24,316 | DiskCollector | INFO | Disk C:\: 67.3% used
2026-05-26 02:54:30,271 | ProcessCollector | INFO | Captured 20 top processes
2026-05-26 02:54:30,421 | NetworkCollector | INFO | Captured 180 network connections
2026-05-26 02:54:31,702 | AlertEngine | WARNING | ALERT [WARNING] MEMORY_HIGH: RAM usage at 95.6% — exceeds 85% threshold
2026-05-26 02:54:31,719 | AlertEngine | WARNING | ALERT [WARNING] SUSPICIOUS_PORT: Unexpected listening port detected: 27017 (PID: 6588)
2026-05-26 02:54:31,729 | AlertEngine | WARNING | ALERT [WARNING] SUSPICIOUS_PORT: Unexpected listening port detected: 49664 (PID: 1664)
2026-05-26 02:54:31,740 | AlertEngine | WARNING | ALERT [WARNING] SUSPICIOUS_PORT: Unexpected listening port detected: 60251 (PID: 23880)
2026-05-26 02:54:31,749 | AlertEngine | WARNING | ALERT [WARNING] SUSPICIOUS_PORT: Unexpected listening port detected: 135 (PID: 1932)
2026-05-26 02:54:31,759 | AlertEngine | WARNING | ALERT [WARNING] SUSPICIOUS_PORT: Unexpected listening port detected: 139 (PID: 4)
2026-05-26 02:54:31,767 | AlertEngine | WARNING | ALERT [WARNING] SUSPICIOUS_PORT: Unexpected listening port detected: 5000 (PID: 32872)
2026-05-26 02:54:31,775 | AlertEngine | WARNING | ALERT [WARNING] SUSPICIOUS_PORT: Unexpected listening port detected: 58868 (PID: 23880)
2026-05-26 02:54:31,784 | AlertEngine | WARNING | ALERT [WARNING] SUSPICIOUS_PORT: Unexpected listening port detected: 60259 (PID: 22148)
2026-05-26 02:54:31,832 | AlertEngine | WARNING | ALERT [WARNING] SUSPICIOUS_PORT: Unexpected listening port detected: 49665 (PID: 1484)
2026-05-26 02:54:31,839 | AlertEngine | WARNING | ALERT [WARNING] SUSPICIOUS_PORT: Unexpected listening port detected: 3217 (PID: 23880)
2026-05-26 02:54:31,848 | AlertEngine | WARNING | ALERT [WARNING] SUSPICIOUS_PORT: Unexpected listening port detected: 42050 (PID: 28484)
2026-05-26 02:54:31,858 | AlertEngine | WARNING | ALERT [WARNING] SUSPICIOUS_PORT: Unexpected listening port detected: 58866 (PID: 5548)
2026-05-26 02:54:31,869 | AlertEngine | WARNING | ALERT [WARNING] SUSPICIOUS_PORT: Unexpected listening port detected: 3216 (PID: 23880)
2026-05-26 02:54:31,879 | AlertEngine | WARNING | ALERT [WARNING] SUSPICIOUS_PORT: Unexpected listening port detected: 445 (PID: 4)
2026-05-26 02:54:31,888 | AlertEngine | WARNING | ALERT [WARNING] SUSPICIOUS_PORT: Unexpected listening port detected: 56466 (PID: 3184)
2026-05-26 02:54:31,897 | AlertEngine | WARNING | ALERT [WARNING] SUSPICIOUS_PORT: Unexpected listening port detected: 33060 (PID: 7868)
2026-05-26 02:54:31,906 | AlertEngine | WARNING | ALERT [WARNING] SUSPICIOUS_PORT: Unexpected listening port detected: 49666 (PID: 2640)
2026-05-26 02:54:31,915 | AlertEngine | WARNING | ALERT [WARNING] SUSPICIOUS_PORT: Unexpected listening port detected: 49667 (PID: 3880)
2026-05-26 02:54:31,924 | AlertEngine | WARNING | ALERT [WARNING] SUSPICIOUS_PORT: Unexpected listening port detected: 49668 (PID: 6276)
2026-05-26 02:54:31,934 | AlertEngine | WARNING | ALERT [WARNING] SUSPICIOUS_PORT: Unexpected listening port detected: 60252 (PID: 23880)
2026-05-26 02:54:31,944 | AlertEngine | WARNING | ALERT [WARNING] SUSPICIOUS_PORT: Unexpected listening port detected: 5040 (PID: 12824)
2026-05-26 02:54:31,954 | AlertEngine | WARNING | ALERT [WARNING] SUSPICIOUS_PORT: Unexpected listening port detected: 3215 (PID: 25296)
2026-05-26 02:54:31,964 | AlertEngine | WARNING | ALERT [WARNING] SUSPICIOUS_PORT: Unexpected listening port detected: 49669 (PID: 1608)
2026-05-26 02:54:31,977 | AlertEngine | WARNING | ALERT [WARNING] SUSPICIOUS_PORT: Unexpected listening port detected: 11434 (PID: 27868)
2026-05-26 02:54:31,989 | AlertEngine | WARNING | ALERT [WARNING] SUSPICIOUS_PORT: Unexpected listening port detected: 8501 (PID: 35612)
2026-05-26 02:54:32,066 | Scheduler | INFO | --- Collection cycle complete ---
2026-05-26 02:54:32,072 | Scheduler | INFO | Scheduler started. Collecting every 30 seconds
2026-05-26 02:54:32,073 | Main | INFO | SysLens running. Press Ctrl+C to stop.
2026-05-26 02:55:02,072 | Scheduler | INFO | --- Collection cycle started ---
2026-05-26 02:55:03,083 | CPUCollector | INFO | CPU: 26.7% | Cores: 12
2026-05-26 02:55:03,090 | MemoryCollector | INFO | RAM: 91.0% used | Swap: 11.8%
2026-05-26 02:55:03,100 | DiskCollector | INFO | Disk C:\: 67.3% used
2026-05-26 02:55:08,413 | ProcessCollector | INFO | Captured 20 top processes
2026-05-26 02:55:08,555 | NetworkCollector | INFO | Captured 174 network connections
2026-05-26 02:55:09,642 | AlertEngine | WARNING | ALERT [WARNING] MEMORY_HIGH: RAM usage at 91.0% — exceeds 85% threshold
2026-05-26 02:55:09,768 | Scheduler | INFO | --- Collection cycle complete ---
2026-05-26 02:55:32,076 | Scheduler | INFO | --- Collection cycle started ---
2026-05-26 02:55:33,091 | CPUCollector | INFO | CPU: 24.3% | Cores: 12
2026-05-26 02:55:33,098 | MemoryCollector | INFO | RAM: 89.5% used | Swap: 11.8%
2026-05-26 02:55:33,110 | DiskCollector | INFO | Disk C:\: 67.3% used
2026-05-26 02:55:38,202 | ProcessCollector | INFO | Captured 20 top processes
2026-05-26 02:55:38,359 | NetworkCollector | INFO | Captured 162 network connections
2026-05-26 02:55:39,638 | AlertEngine | WARNING | ALERT [WARNING] MEMORY_HIGH: RAM usage at 89.5% — exceeds 85% threshold
2026-05-26 02:55:39,745 | Scheduler | INFO | --- Collection cycle complete ---
2026-05-26 02:56:02,082 | Scheduler | INFO | --- Collection cycle started ---
2026-05-26 02:56:03,095 | CPUCollector | INFO | CPU: 42.8% | Cores: 12
2026-05-26 02:56:03,108 | MemoryCollector | INFO | RAM: 91.2% used | Swap: 11.8%
2026-05-26 02:56:03,119 | DiskCollector | INFO | Disk C:\: 67.3% used
2026-05-26 02:56:08,391 | ProcessCollector | INFO | Captured 20 top processes
2026-05-26 02:56:08,561 | NetworkCollector | INFO | Captured 162 network connections
2026-05-26 02:56:09,633 | AlertEngine | WARNING | ALERT [WARNING] MEMORY_HIGH: RAM usage at 91.2% — exceeds 85% threshold
2026-05-26 02:56:09,741 | Scheduler | INFO | --- Collection cycle complete ---
2026-05-26 02:56:32,078 | Scheduler | INFO | --- Collection cycle started ---
2026-05-26 02:56:33,088 | CPUCollector | INFO | CPU: 22.4% | Cores: 12
2026-05-26 02:56:33,095 | MemoryCollector | INFO | RAM: 83.1% used | Swap: 12.8%
2026-05-26 02:56:33,106 | DiskCollector | INFO | Disk C:\: 67.3% used
2026-05-26 02:56:38,095 | ProcessCollector | INFO | Captured 20 top processes
2026-05-26 02:56:38,257 | NetworkCollector | INFO | Captured 155 network connections
2026-05-26 02:56:39,375 | Scheduler | INFO | --- Collection cycle complete ---
2026-05-26 02:57:02,076 | Scheduler | INFO | --- Collection cycle started ---
2026-05-26 02:57:03,083 | CPUCollector | INFO | CPU: 36.4% | Cores: 12
2026-05-26 02:57:03,116 | MemoryCollector | INFO | RAM: 85.1% used | Swap: 12.8%
2026-05-26 02:57:03,125 | DiskCollector | INFO | Disk C:\: 67.3% used
2026-05-26 02:57:10,989 | ProcessCollector | INFO | Captured 20 top processes
2026-05-26 02:57:11,237 | NetworkCollector | INFO | Captured 161 network connections
2026-05-26 02:57:12,509 | AlertEngine | WARNING | ALERT [WARNING] MEMORY_HIGH: RAM usage at 85.1% — exceeds 85% threshold
2026-05-26 02:57:12,622 | Scheduler | INFO | --- Collection cycle complete ---
2026-05-26 02:57:32,070 | Scheduler | INFO | --- Collection cycle started ---
2026-05-26 02:57:33,077 | CPUCollector | INFO | CPU: 33.8% | Cores: 12
2026-05-26 02:57:33,085 | MemoryCollector | INFO | RAM: 82.7% used | Swap: 12.8%
2026-05-26 02:57:33,095 | DiskCollector | INFO | Disk C:\: 67.3% used
2026-05-26 02:57:38,786 | ProcessCollector | INFO | Captured 20 top processes
2026-05-26 02:57:38,971 | NetworkCollector | INFO | Captured 150 network connections
2026-05-26 02:57:40,309 | Scheduler | INFO | --- Collection cycle complete ---
2026-05-26 02:57:47,591 | Main | INFO | Shutting down...
2026-05-26 02:57:47,593 | Scheduler | INFO | Scheduler stopped
2026-05-26 02:57:50,915 | Main | INFO | SysLens starting...
2026-05-26 02:57:50,917 | DBManager | INFO | Database schema initialized
2026-05-26 02:57:50,925 | Scheduler | INFO | --- Collection cycle started ---
2026-05-26 02:57:51,926 | CPUCollector | INFO | CPU: 21.7% | Cores: 12
2026-05-26 02:57:52,318 | MemoryCollector | INFO | RAM: 82.0% used | Swap: 12.8%
2026-05-26 02:57:52,352 | DiskCollector | INFO | Disk C:\: 67.3% used
2026-05-26 02:58:00,156 | ProcessCollector | INFO | Captured 20 top processes
2026-05-26 02:58:00,372 | NetworkCollector | INFO | Captured 153 network connections
2026-05-26 02:58:01,876 | Scheduler | INFO | --- Collection cycle complete ---
2026-05-26 02:58:01,881 | Scheduler | INFO | Scheduler started. Collecting every 30 seconds
2026-05-26 02:58:01,881 | Main | INFO | SysLens running. Press Ctrl+C to stop.
2026-05-26 02:58:31,884 | Scheduler | INFO | --- Collection cycle started ---
2026-05-26 02:58:32,896 | CPUCollector | INFO | CPU: 11.8% | Cores: 12
2026-05-26 02:58:32,905 | MemoryCollector | INFO | RAM: 83.4% used | Swap: 12.7%
2026-05-26 02:58:32,914 | DiskCollector | INFO | Disk C:\: 67.3% used
2026-05-26 02:58:38,620 | ProcessCollector | INFO | Captured 20 top processes
2026-05-26 02:58:38,780 | NetworkCollector | INFO | Captured 155 network connections
2026-05-26 02:58:40,037 | Scheduler | INFO | --- Collection cycle complete ---
2026-05-26 02:59:01,885 | Scheduler | INFO | --- Collection cycle started ---
2026-05-26 02:59:02,890 | CPUCollector | INFO | CPU: 31.4% | Cores: 12
2026-05-26 02:59:02,926 | MemoryCollector | INFO | RAM: 81.6% used | Swap: 11.4%
2026-05-26 02:59:02,934 | DiskCollector | INFO | Disk C:\: 69.7% used
2026-05-26 02:59:10,252 | ProcessCollector | INFO | Captured 20 top processes
2026-05-26 02:59:10,442 | NetworkCollector | INFO | Captured 159 network connections
2026-05-26 02:59:11,603 | AlertEngine | WARNING | ALERT [WARNING] SUSPICIOUS_PORT: Unexpected listening port detected: 62198 (PID: 30472)
2026-05-26 02:59:11,680 | Scheduler | INFO | --- Collection cycle complete ---
2026-05-26 02:59:31,879 | Scheduler | INFO | --- Collection cycle started ---
2026-05-26 02:59:32,888 | CPUCollector | INFO | CPU: 13.8% | Cores: 12
2026-05-26 02:59:32,924 | MemoryCollector | INFO | RAM: 82.2% used | Swap: 11.4%
2026-05-26 02:59:32,936 | DiskCollector | INFO | Disk C:\: 69.7% used
2026-05-26 02:59:38,594 | ProcessCollector | INFO | Captured 20 top processes
2026-05-26 02:59:38,781 | NetworkCollector | INFO | Captured 157 network connections
2026-05-26 02:59:39,970 | AlertEngine | WARNING | ALERT [WARNING] SUSPICIOUS_PORT: Unexpected listening port detected: 56466 (PID: 3184)
2026-05-26 02:59:39,979 | AlertEngine | WARNING | ALERT [WARNING] SUSPICIOUS_PORT: Unexpected listening port detected: 60252 (PID: 23880)
2026-05-26 02:59:39,989 | AlertEngine | WARNING | ALERT [WARNING] SUSPICIOUS_PORT: Unexpected listening port detected: 58868 (PID: 23880)
2026-05-26 02:59:39,999 | AlertEngine | WARNING | ALERT [WARNING] SUSPICIOUS_PORT: Unexpected listening port detected: 60251 (PID: 23880)
2026-05-26 02:59:40,009 | AlertEngine | WARNING | ALERT [WARNING] SUSPICIOUS_PORT: Unexpected listening port detected: 60259 (PID: 22148)
2026-05-26 02:59:40,019 | AlertEngine | WARNING | ALERT [WARNING] SUSPICIOUS_PORT: Unexpected listening port detected: 58866 (PID: 5548)
2026-05-26 02:59:40,029 | AlertEngine | WARNING | ALERT [WARNING] SUSPICIOUS_PORT: Unexpected listening port detected: 42050 (PID: 28484)
2026-05-26 02:59:40,098 | Scheduler | INFO | --- Collection cycle complete ---
2026-05-26 03:00:01,887 | Scheduler | INFO | --- Collection cycle started ---
2026-05-26 03:00:02,898 | CPUCollector | INFO | CPU: 10.0% | Cores: 12
2026-05-26 03:00:02,934 | MemoryCollector | INFO | RAM: 81.7% used | Swap: 11.4%
2026-05-26 03:00:02,947 | DiskCollector | INFO | Disk C:\: 69.7% used
2026-05-26 03:00:08,617 | ProcessCollector | INFO | Captured 20 top processes
2026-05-26 03:00:08,801 | NetworkCollector | INFO | Captured 160 network connections
2026-05-26 03:00:10,305 | Scheduler | INFO | --- Collection cycle complete ---
2026-05-26 03:00:31,888 | Scheduler | INFO | --- Collection cycle started ---
2026-05-26 03:00:32,896 | CPUCollector | INFO | CPU: 21.0% | Cores: 12
2026-05-26 03:00:32,929 | MemoryCollector | INFO | RAM: 83.9% used | Swap: 11.4%
2026-05-26 03:00:32,937 | DiskCollector | INFO | Disk C:\: 69.7% used
2026-05-26 03:00:38,783 | ProcessCollector | INFO | Captured 20 top processes
2026-05-26 03:00:38,944 | NetworkCollector | INFO | Captured 175 network connections
2026-05-26 03:00:40,367 | Scheduler | INFO | --- Collection cycle complete ---
2026-05-26 03:01:01,892 | Scheduler | INFO | --- Collection cycle started ---
2026-05-26 03:01:02,897 | CPUCollector | INFO | CPU: 31.6% | Cores: 12
2026-05-26 03:01:02,904 | MemoryCollector | INFO | RAM: 83.5% used | Swap: 11.4%
2026-05-26 03:01:02,914 | DiskCollector | INFO | Disk C:\: 69.7% used
2026-05-26 03:01:08,054 | ProcessCollector | INFO | Captured 20 top processes
2026-05-26 03:01:08,219 | NetworkCollector | INFO | Captured 171 network connections
2026-05-26 03:01:09,509 | Scheduler | INFO | --- Collection cycle complete ---
2026-05-26 03:01:31,884 | Scheduler | INFO | --- Collection cycle started ---
2026-05-26 03:01:32,894 | CPUCollector | INFO | CPU: 11.9% | Cores: 12
2026-05-26 03:01:32,928 | MemoryCollector | INFO | RAM: 81.6% used | Swap: 11.4%
2026-05-26 03:01:32,940 | DiskCollector | INFO | Disk C:\: 69.7% used
2026-05-26 03:01:38,436 | ProcessCollector | INFO | Captured 20 top processes
2026-05-26 03:01:38,617 | NetworkCollector | INFO | Captured 162 network connections
2026-05-26 03:01:39,967 | Scheduler | INFO | --- Collection cycle complete ---
2026-05-26 03:02:01,887 | Scheduler | INFO | --- Collection cycle started ---
2026-05-26 03:02:02,893 | CPUCollector | INFO | CPU: 22.3% | Cores: 12
2026-05-26 03:02:02,928 | MemoryCollector | INFO | RAM: 81.7% used | Swap: 11.4%
2026-05-26 03:02:02,937 | DiskCollector | INFO | Disk C:\: 69.7% used
2026-05-26 03:02:08,825 | ProcessCollector | INFO | Captured 20 top processes
2026-05-26 03:02:09,021 | NetworkCollector | INFO | Captured 175 network connections
2026-05-26 03:02:10,482 | Scheduler | INFO | --- Collection cycle complete ---
2026-05-26 03:02:31,883 | Scheduler | INFO | --- Collection cycle started ---
2026-05-26 03:02:32,889 | CPUCollector | INFO | CPU: 45.8% | Cores: 12
2026-05-26 03:02:32,924 | MemoryCollector | INFO | RAM: 83.8% used | Swap: 11.4%
2026-05-26 03:02:32,933 | DiskCollector | INFO | Disk C:\: 69.7% used
2026-05-26 03:02:40,866 | ProcessCollector | INFO | Captured 20 top processes
2026-05-26 03:02:41,034 | NetworkCollector | INFO | Captured 164 network connections
2026-05-26 03:02:42,232 | Scheduler | INFO | --- Collection cycle complete ---
2026-05-26 03:03:01,893 | Scheduler | INFO | --- Collection cycle started ---
2026-05-26 03:03:02,908 | CPUCollector | INFO | CPU: 28.1% | Cores: 12
2026-05-26 03:03:02,942 | MemoryCollector | INFO | RAM: 83.8% used | Swap: 11.3%
2026-05-26 03:03:02,951 | DiskCollector | INFO | Disk C:\: 69.7% used
2026-05-26 03:03:08,603 | ProcessCollector | INFO | Captured 20 top processes
2026-05-26 03:03:08,741 | NetworkCollector | INFO | Captured 163 network connections
2026-05-26 03:03:09,849 | Scheduler | INFO | --- Collection cycle complete ---
2026-05-26 03:03:31,890 | Scheduler | INFO | --- Collection cycle started ---
2026-05-26 03:03:32,905 | CPUCollector | INFO | CPU: 48.9% | Cores: 12
2026-05-26 03:03:32,912 | MemoryCollector | INFO | RAM: 84.9% used | Swap: 11.1%
2026-05-26 03:03:32,920 | DiskCollector | INFO | Disk C:\: 69.7% used
2026-05-26 03:03:38,318 | ProcessCollector | INFO | Captured 20 top processes
2026-05-26 03:03:38,474 | NetworkCollector | INFO | Captured 159 network connections
2026-05-26 03:03:39,588 | Scheduler | INFO | --- Collection cycle complete ---
